Failed!
Start values: [0.00031031238688359323, 0.0001319313637590415, 0.0007791579043725848, 0.0005142991682052835, 0.0001084837714085192, 0.0005777146915927437, 0.0002117526246777105, 1.2154474689816342e-06]
Led to negative solution: [-6.83681245e-03  1.49964932e+02  3.05330555e+00  1.66382292e-01
  1.14920974e+01  2.97886481e+01  1.52313678e+00  3.44974197e+02]Failed!
Start values: [0.0005902552906679566, 0.0009950061967050805, 0.00027896181427945543, 0.0003761510631717472, 0.0006986639578501174, 0.0009558404249735806, 0.00036492103021160637, 0.0004969878826707639]
Led to negative solution: [-7.07704394e-03  2.53315280e+01  3.05905434e+00  1.66405462e-01
  3.37422491e+01  6.24521105e+00  1.59763994e+00  3.44828178e+02]Success!Found solution: [ 0.05415558  1.86629112  0.19839784  0.0541591   0.68420122  0.05417431
  0.054169   11.39257015]Failed!
Start values: [0.0009826457466107742, 0.0005573437888123286, 0.0009494420304702583, 0.000610112267612279, 3.70642147066891e-05, 9.063543850947361e-05, 0.000658336876509716, 0.0006891143113698071]
Led to negative solution: [-7.41328252e-03  9.02681147e+01  3.04970508e+00  1.65868573e-01
  2.67919873e+01  1.86607864e+01  1.52023995e+00  3.44715634e+02]Failed!
Start values: [0.0006320049601030612, 0.00026318372121697997, 0.0006057558760016644, 0.0004084106806114998, 0.0003812799567257502, 0.0007111197482306151, 0.0005962172548474542, 0.00025277011090863]
Led to negative solution: [-7.11278237e-03  1.88752070e+01  3.05481796e+00  1.66338725e-01
  7.98909817e+00  7.48057716e+00  1.52079078e+00  2.05831352e+02]Success!Found solution: [ 0.25799684  2.90206118  1.11367019  0.22350309  2.01657161  2.8452862
  0.05606812 14.42228056]Success!Found solution: [ 0.05415837  1.9247526   0.19842425  0.05416054  2.02651645  0.05417934
  0.05418338 11.3894079 ]Failed!
Start values: [0.00040108376514802984, 3.2866454536991596e-05, 0.0008887704182758301, 0.0008821860059290357, 0.0009753378185258943, 0.00034686606419941264, 0.000886859912818946, 0.000755385428440132]
Led to negative solution: [-6.91466028e-03  1.16823460e+02  3.05172144e+00  1.65844258e-01
  1.01312079e+01  2.97716605e+01  1.59493170e+00  3.44820065e+02]Success!Found solution: [ 0.25834111  3.22957037  1.11290544  0.22349249  1.78867558  2.11633511
  0.05606742 21.56844507]Success!Found solution: [ 0.0541606   7.01127083  0.19844308  0.05415424  2.20973322  0.05416068
  0.05416019 18.45991163]