Failed!
Start values: [155.15619344179663, 65.96568187952074, 389.5789521862924, 257.14958410264177, 54.2418857042596, 288.8573457963718, 105.87631233885524, 0.6077237344908171]
Led to negative solution: [159.22169458  81.68032634 -57.81260076 360.1898042   66.24973348
 307.25507934  93.36251172   0.68395354]Failed!
Start values: [295.12764533397836, 497.50309835254023, 139.48090713972772, 188.0755315858736, 349.33197892505876, 477.92021248679026, 182.46051510580318, 248.49394133538198]
Led to negative solution: [366.2413985  616.02054691 -20.69863875 211.66678049 489.30982148
 421.43356199 222.85288093 264.32087247]Failed!
Start values: [25.262618622392857, 197.5303573468778, 54.56030515243452, 80.91090316581307, 418.713539787806, 321.2111004623488, 237.3022439632712, 152.15799559752878]
Led to negative solution: [ 22.27676309 244.58693658  -8.09662103  98.82262943 429.68493794
 361.50220563 294.48242843 161.84915388]Failed!
Start values: [491.3228733053871, 278.6718944061643, 474.72101523512913, 305.0561338061395, 18.532107353344546, 45.3177192547368, 329.16843825485796, 344.55715568490353]
Led to negative solution: [688.19667803 345.05837927 -70.44748278 313.04940841  22.63466981
  48.20406899 370.45767186 303.83303663]Failed!
Start values: [316.0024800515306, 131.59186060848998, 302.87793800083216, 204.20534030574987, 190.6399783628751, 355.55987411530754, 298.1086274237271, 126.385055454315]
Led to negative solution: [324.28257777 162.94027155 -44.94637405 253.41051778 214.55289858
 313.53531475 417.56119699 134.43469867]Failed!
Start values: [444.77616142481, 372.422276098916, 227.47644411618677, 385.048456572956, 147.36242886919294, 74.63125521454296, 368.7435289761852, 499.64823980596503]
Led to negative solution: [500.56664646 461.14240286 -33.7569696  477.82946618 206.41077288
  79.38462558 450.37446984 440.59349644]Failed!
Start values: [69.46008393670816, 414.66053858490324, 172.07652506866884, 103.63815031820968, 249.30005319114358, 400.567682238371, 464.28560431409306, 403.68982823677]
Led to negative solution: [ 78.17280757 513.44285615 -25.53575184 126.58114201 255.83237155
 426.08040535 650.32553522 355.97666264]Failed!
Start values: [200.54188257401492, 16.433227268495795, 444.385209137915, 441.09300296451784, 487.66890926294707, 173.4330320997063, 443.42995640947305, 377.692714220066]
Led to negative solution: [244.9370279   20.34802533 -65.94572046 617.83962408 548.8396449
 152.93452458 455.04898981 401.74849822]Failed!
Start values: [395.26909882096317, 333.6259228038519, 17.545750627603933, 485.3121113578248, 368.8129792765458, 202.81516378409188, 11.179791925972632, 98.46512678095495]
Led to negative solution: [490.51286731 413.10380601  -2.60374815 592.7485303  516.59688759
 228.25527803   9.85842283 104.73651019]Failed!
Start values: [104.56433383930668, 237.618726471884, 255.85335082138027, 4.067439032094988, 254.17503583493345, 105.9408958134036, 98.16112697203057, 276.1548922085074]
Led to negative solution: [146.46341764 294.22533914 -37.96803585   3.58669768 315.42087656
 119.22958904 104.4131482  337.2889377 ]