Failed!
Start values: [0.0005652341136747183, 6.291660128305732, 0.11830180136814086, 0.00016670416094741747, 7.953600657021319, 4.0187714569646715, 3.605171359159626e-05, 37.27219209281908]
Led to negative solution: need at least one array to concatenateFailed!
Start values: [0.00030493957598144, 2.2969392574260095, 0.0306605773449228, 0.0003234752318627149, 54.22144118665263, 7.781925363887319, 0.000871440972867386, 33.82657389515247]
Led to negative solution: need at least one array to concatenateFailed!
Start values: [0.0008981250916104208, 6.433154908032655, 0.30315909645670697, 0.0003142402804066156, 52.84509685662388, 5.133840052587616, 0.0009302533545191284, 7.225146936689638]
Led to negative solution: need at least one array to concatenateFailed!
Start values: [0.00036499092399699013, 1.9891396294000563, 0.25391798236337604, 0.00023651956425416165, 76.08404935034281, 0.5658573598633511, 5.869776464162432e-06, 1.74739718693269]
Led to negative solution: need at least one array to concatenateFailed!
Start values: [0.0008054389945225726, 5.769995074296133, 0.5358652270087652, 0.0007620127495704708, 95.47980824153386, 3.975795780056454, 0.0006186350743886563, 11.44794611093219]
Led to negative solution: need at least one array to concatenateFailed!
Start values: [0.0005351879652483593, 2.133804467465822, 0.6463352335413506, 0.0009047974822551189, 61.83615310439829, 5.914354470409664, 0.0006679403008247439, 62.24111683280738]
Led to negative solution: need at least one array to concatenateFailed!
Start values: [0.0006489947968490109, 6.892459112200122, 0.39714358513997505, 0.0009428394397952198, 14.56007465910098, 0.30348927035100826, 0.00022174185533591542, 97.80490661457168]
Led to negative solution: need at least one array to concatenateFailed!
Start values: [0.00047553421113910366, 9.4823531083169, 0.4181228650953154, 0.00044695882823164333, 49.71668335359824, 8.686085482064197, 0.00021234133032235603, 42.13288768871155]
Led to negative solution: need at least one array to concatenateFailed!
Start values: [0.0001613073231512877, 4.930194693430191, 0.2055380897475562, 0.00034900701957810826, 92.5844364609238, 0.8633893175582239, 0.00018227676786953203, 95.06793494509552]
Led to negative solution: need at least one array to concatenateFailed!
Start values: [0.00042975142387346766, 0.7090863738813811, 0.17967042945430445, 0.0005749765267392662, 19.821540323287827, 0.08691919217174236, 0.00040690446285603386, 78.28427424758692]
Led to negative solution: need at least one array to concatenateFailed!
Start values: [0.0005406722720036656, 3.8124546211763772, 0.6828142305609752, 0.0004930229516976334, 59.50792380719356, 7.554775931146032, 0.00013014823877435618, 28.023413221461812]
Led to negative solution: need at least one array to concatenateFailed!
Start values: [2.125306406910709e-05, 4.302500529754067, 0.7240403133680497, 0.0005524185713495686, 75.60981355368288, 4.920384686203026, 0.0003174844504937035, 86.84406852025528]
Led to negative solution: need at least one array to concatenateFailed!
Start values: [7.812874906688821e-05, 4.561280723446568, 0.1836844967847605, 0.0002670474989321931, 28.036013111200912, 3.3785046579909697, 4.987093160680237e-05, 84.5900814153083]
Led to negative solution: need at least one array to concatenateFailed!
Start values: [0.0002627849074223519, 8.69184797551939, 0.7178797942001574, 0.0002168289510616952, 57.92562071414806, 2.888676002875838, 0.0004940451753206333, 26.97200098759521]
Led to negative solution: need at least one array to concatenateFailed!
Start values: [0.0005906484136455044, 2.810391315510854, 0.23308585104649923, 0.0008294257433479633, 35.45334198414065, 5.721417915743752, 0.0009998563367799814, 61.1543997734691]
Led to negative solution: need at least one array to concatenateFailed!
Start values: [0.0003282219120520141, 8.157255639876807, 0.8830420856644454, 0.0004395820987603031, 46.60950219077227, 1.7262615106183978, 0.0006226297823979597, 18.087478144617894]
Led to negative solution: need at least one array to concatenateFailed!
Start values: [0.0006669468665251769, 6.040272756427195, 0.568806468367367, 0.0006726828427659147, 79.65878932971769, 1.3183394324612652, 0.0008054946305103904, 52.2460065902475]
Led to negative solution: need at least one array to concatenateFailed!
Start values: [0.0004979966669137455, 9.051724166977609, 0.47230596050139606, 0.00040252529483129006, 30.56304239682986, 3.1405267546171034, 0.000947891521511953, 69.11728479290086]
Led to negative solution: need at least one array to concatenateFailed!
Start values: [0.00024043646793550977, 5.832941270686459, 0.26166928169978765, 0.0005135235512415087, 23.745507679132256, 7.847486693674961, 0.00010843656357077664, 64.68633470634532]
Led to negative solution: need at least one array to concatenateFailed!
Start values: [0.0006132757937235118, 2.4660430129742994, 0.3576483273681468, 0.0005865020803086339, 68.22516078082388, 1.902472755509158, 0.00032822042150531096, 99.4583469750989]
Led to negative solution: need at least one array to concatenateFailed!
Start values: [0.000459267888684271, 5.551350301137727, 0.8560720707088306, 0.000893726543933722, 73.40737195492159, 8.42084496056167, 0.0006581522200511311, 31.30458329718388]
Led to negative solution: need at least one array to concatenateFailed!
Start values: [0.00011120336366923685, 0.9038771719007875, 0.010104135471532764, 4.139282296324812e-05, 11.08139695328982, 9.676902265528962, 0.0005542806528893372, 3.6912087259798136]
Led to negative solution: need at least one array to concatenateFailed!
Start values: [5.8736449240661836e-05, 4.0409762548301424, 0.5593425323051835, 0.0008034976287435193, 12.193068940390882, 8.297533413724253, 0.00045215810428181406, 17.38498565333845]
Led to negative solution: need at least one array to concatenateFailed!
Start values: [0.0008610451575857205, 8.975566015630408, 0.928355219585502, 0.0009971147451781157, 64.48378765651768, 7.330444851909094, 8.618745435725564e-05, 34.859862154780295]
Led to negative solution: need at least one array to concatenateFailed!
Start values: [8.837586638148323e-05, 1.7759163709903059, 0.8396822063807299, 0.0001445435911404703, 80.02480807255463, 4.5901062105172405, 0.0008364758076844259, 83.34593324478887]
Led to negative solution: need at least one array to concatenateFailed!
Start values: [0.00022520315581924102, 7.374115685009201, 0.8733583999760726, 0.0003767408225048588, 42.93753593092901, 9.52013021330967, 0.0001591012102296998, 76.55076234851083]
Led to negative solution: need at least one array to concatenateFailed!
Start values: [0.0001946164192996146, 5.247759242276308, 0.7726934254650788, 0.0007855855217690882, 98.60253052152001, 2.1487187832353123, 0.0008964239656510046, 80.61262699755642]
Led to negative solution: need at least one array to concatenateFailed!
Start values: [0.000939625941809945, 9.290247868836198, 0.32331909790591573, 0.0007128576382011741, 91.19671496859551, 3.7012532118990404, 0.0007600313021038296, 13.577970319841587]
Led to negative solution: need at least one array to concatenateFailed!
Start values: [0.000765130601248885, 8.596997931228175, 0.9576385551660929, 3.3883011470196626e-05, 38.59447561541723, 4.726820806275266, 0.0005327280274036682, 46.89283903280317]
Led to negative solution: need at least one array to concatenateFailed!
Start values: [0.0007530834920294815, 7.754402495261998, 0.5085497937584122, 0.0008702530950629011, 66.59983822301398, 6.214186443226755, 0.000901022707628842, 45.596760681036706]
Led to negative solution: need at least one array to concatenateFailed!
Start values: [0.0003839619526551948, 7.405433484245112, 0.9832446681156496, 0.0006861062135339347, 89.4863863974632, 8.85087831616837, 0.0006851521444066745, 59.644844747336556]
Led to negative solution: need at least one array to concatenateFailed!
Start values: [0.00035130660509143227, 5.0130409182520985, 0.08025215039951518, 0.0007242528875274219, 84.09628567195671, 5.272370618641028, 0.00028119049400695547, 41.71512467532257]
Led to negative solution: need at least one array to concatenateFailed!
Start values: [0.00014927864973376674, 1.2927862753624664, 0.07119511367276765, 6.637870912485245e-07, 41.80578999038398, 9.294498671001303, 0.0007320759090589877, 55.83327047168242]
Led to negative solution: need at least one array to concatenateFailed!
Start values: [0.0007394401065926307, 0.381844041172312, 0.29054799244245355, 0.0006260789280248145, 25.704527748782365, 6.609129749100477, 0.0005737317982698522, 14.861970441026596]
Led to negative solution: need at least one array to concatenateFailed!
Start values: [0.0008321705454539293, 3.507740359590543, 0.7543870724473831, 0.0005330632558106257, 33.335609366452815, 9.028004819510663, 0.0007422897527613182, 38.63773363664228]
Led to negative solution: need at least one array to concatenateFailed!
Start values: [0.0006269901274417363, 1.4995625016068581, 0.8178051610603561, 0.0008587660963689696, 87.18644314021476, 8.055362861558262, 6.767677766089959e-05, 57.16439749318823]
Led to negative solution: need at least one array to concatenateFailed!
Start values: [0.0005022819156977588, 4.621094739991326, 0.4415881316928606, 0.0006174240896452609, 1.7846049962793047, 0.7943065381802101, 0.0002691247301791109, 90.74234484687526]
Led to negative solution: need at least one array to concatenateFailed!
Start values: [0.00040302493657469875, 3.7313560209448586, 0.6146299298068072, 0.0006553212955307061, 8.370660359057428, 1.4662694014206104, 0.00016738106043521833, 9.202148333600466]
Led to negative solution: need at least one array to concatenateFailed!
Start values: [0.0007845063385990247, 3.164420632120045, 0.6637482388819517, 0.000755768946865066, 26.157938324381657, 7.096408211622416, 0.00042242050000970385, 49.411171725287645]
Led to negative solution: need at least one array to concatenateFailed!
Start values: [0.00012501933322680596, 0.07608400150151247, 0.05716354106314328, 0.0002532996980695199, 96.47902033981907, 6.839219542547679, 0.0008483789558037495, 89.37681003698428]
Led to negative solution: need at least one array to concatenateFailed!
Start values: [1.7012321156822757e-05, 7.955122370185066, 0.4363812702772331, 0.0004652057371513201, 3.58915655740038, 1.1221560142151539, 0.0009750235609561684, 22.749105774040242]
Led to negative solution: need at least one array to concatenateFailed!
Start values: [0.0009912244557656504, 3.3928953307801626, 0.790815875099711, 0.0002981439006141166, 50.069340533452966, 9.856136643103195, 0.0007014201532906651, 24.333720403397503]
Led to negative solution: need at least one array to concatenateFailed!
Start values: [0.0007104678182274873, 2.6407532918255376, 0.3742048559724662, 0.0003934146462381167, 17.16561367016698, 4.241398515687686, 0.0003416036002816381, 74.86105867692442]
Led to negative solution: need at least one array to concatenateFailed!
Start values: [0.00028229537743738436, 0.5046659262389483, 0.906287002263675, 0.0009312088126196089, 63.99087503238262, 5.503314525689196, 0.0005070954258367198, 50.285188288163816]
Led to negative solution: need at least one array to concatenateFailed!
Start values: [0.00021720279386698872, 8.257427591616915, 0.9694233579786563, 0.0001222197893842696, 45.71139218767508, 6.401101159832084, 0.0003988345142323785, 73.78019407036761]
Led to negative solution: need at least one array to concatenateFailed!
Start values: [0.0009144562860641698, 1.1585708838067679, 0.4964327379542094, 0.00010894111087612851, 83.04289137808716, 2.201532806529845, 0.0003733714529344583, 70.69175492147572]
Led to negative solution: need at least one array to concatenateFailed!
Start values: [0.0008413533672380001, 7.115518673176231, 0.5891853039434642, 6.920716542403853e-05, 4.127281818573285, 2.643813761820372, 0.00025357339913345127, 20.30891949444665]
Led to negative solution: need at least one array to concatenateFailed!
Start values: [0.0009741567019445953, 9.726916483510061, 0.6271559653065089, 0.0009772912721904535, 37.66274702877142, 2.4073442725001644, 0.0007872383998167574, 66.0508955198115]
Led to negative solution: need at least one array to concatenateFailed!
Start values: [0.0009508707643468529, 9.959582831923179, 0.129884248945006, 9.093296440375578e-05, 71.19795701635442, 3.4216051508261387, 0.0004718732158241708, 5.291644772572969]
Led to negative solution: need at least one array to concatenateFailed!
Start values: [0.0006816345069149357, 6.679194094532491, 0.1565649850487444, 0.0001876080109794082, 20.229865994119134, 6.06777212986775, 0.0005802026236805548, 93.27380463490948]
Led to negative solution: need at least one array to concatenate