Failed!
Start values: [0.0031031238688359326, 0.001319313637590415, 0.0007791579043725848, 0.05142991682052836, 0.1084837714085192, 0.005777146915927437, 0.2117526246777105, 1.2154474689816342e-06]
Led to negative solution: `method` must be one of {'RK23': <class 'scipy.integrate._ivp.rk.RK23'>, 'RK45': <class 'scipy.integrate._ivp.rk.RK45'>, 'DOP853': <class 'scipy.integrate._ivp.rk.DOP853'>, 'Radau': <class 'scipy.integrate._ivp.radau.Radau'>, 'BDF': <class 'scipy.integrate._ivp.bdf.BDF'>, 'LSODA': <class 'scipy.integrate._ivp.lsoda.LSODA'>} or OdeSolver class.Failed!
Start values: [0.005902552906679567, 0.009950061967050805, 0.00027896181427945543, 0.03761510631717472, 0.6986639578501175, 0.009558404249735806, 0.3649210302116064, 0.0004969878826707639]
Led to negative solution: `method` must be one of {'RK23': <class 'scipy.integrate._ivp.rk.RK23'>, 'RK45': <class 'scipy.integrate._ivp.rk.RK45'>, 'DOP853': <class 'scipy.integrate._ivp.rk.DOP853'>, 'Radau': <class 'scipy.integrate._ivp.radau.Radau'>, 'BDF': <class 'scipy.integrate._ivp.bdf.BDF'>, 'LSODA': <class 'scipy.integrate._ivp.lsoda.LSODA'>} or OdeSolver class.Failed!
Start values: [0.0005052523724478571, 0.003950607146937556, 0.00010912061030486905, 0.016182180633162613, 0.837427079575612, 0.006424222009246976, 0.47460448792654236, 0.0003043159911950576]
Led to negative solution: `method` must be one of {'RK23': <class 'scipy.integrate._ivp.rk.RK23'>, 'RK45': <class 'scipy.integrate._ivp.rk.RK45'>, 'DOP853': <class 'scipy.integrate._ivp.rk.DOP853'>, 'Radau': <class 'scipy.integrate._ivp.radau.Radau'>, 'BDF': <class 'scipy.integrate._ivp.bdf.BDF'>, 'LSODA': <class 'scipy.integrate._ivp.lsoda.LSODA'>} or OdeSolver class.Failed!
Start values: [0.009826457466107743, 0.005573437888123286, 0.0009494420304702583, 0.0610112267612279, 0.037064214706689094, 0.000906354385094736, 0.658336876509716, 0.0006891143113698071]
Led to negative solution: `method` must be one of {'RK23': <class 'scipy.integrate._ivp.rk.RK23'>, 'RK45': <class 'scipy.integrate._ivp.rk.RK45'>, 'DOP853': <class 'scipy.integrate._ivp.rk.DOP853'>, 'Radau': <class 'scipy.integrate._ivp.radau.Radau'>, 'BDF': <class 'scipy.integrate._ivp.bdf.BDF'>, 'LSODA': <class 'scipy.integrate._ivp.lsoda.LSODA'>} or OdeSolver class.Failed!
Start values: [0.006320049601030612, 0.0026318372121697997, 0.0006057558760016644, 0.04084106806114998, 0.3812799567257502, 0.007111197482306151, 0.5962172548474542, 0.00025277011090863]
Led to negative solution: `method` must be one of {'RK23': <class 'scipy.integrate._ivp.rk.RK23'>, 'RK45': <class 'scipy.integrate._ivp.rk.RK45'>, 'DOP853': <class 'scipy.integrate._ivp.rk.DOP853'>, 'Radau': <class 'scipy.integrate._ivp.radau.Radau'>, 'BDF': <class 'scipy.integrate._ivp.bdf.BDF'>, 'LSODA': <class 'scipy.integrate._ivp.lsoda.LSODA'>} or OdeSolver class.Failed!
Start values: [0.0088955232284962, 0.00744844552197832, 0.00045495288823237356, 0.0770096913145912, 0.29472485773838586, 0.0014926251042908592, 0.7374870579523704, 0.00099929647961193]
Led to negative solution: `method` must be one of {'RK23': <class 'scipy.integrate._ivp.rk.RK23'>, 'RK45': <class 'scipy.integrate._ivp.rk.RK45'>, 'DOP853': <class 'scipy.integrate._ivp.rk.DOP853'>, 'Radau': <class 'scipy.integrate._ivp.radau.Radau'>, 'BDF': <class 'scipy.integrate._ivp.bdf.BDF'>, 'LSODA': <class 'scipy.integrate._ivp.lsoda.LSODA'>} or OdeSolver class.Failed!
Start values: [0.0013892016787341633, 0.008293210771698065, 0.00034415305013733773, 0.020727630063641936, 0.49860010638228713, 0.008011353644767419, 0.9285712086281861, 0.0008073796564735399]
Led to negative solution: `method` must be one of {'RK23': <class 'scipy.integrate._ivp.rk.RK23'>, 'RK45': <class 'scipy.integrate._ivp.rk.RK45'>, 'DOP853': <class 'scipy.integrate._ivp.rk.DOP853'>, 'Radau': <class 'scipy.integrate._ivp.radau.Radau'>, 'BDF': <class 'scipy.integrate._ivp.bdf.BDF'>, 'LSODA': <class 'scipy.integrate._ivp.lsoda.LSODA'>} or OdeSolver class.Failed!
Start values: [0.004010837651480298, 0.00032866454536991594, 0.0008887704182758301, 0.08821860059290357, 0.9753378185258942, 0.0034686606419941264, 0.886859912818946, 0.000755385428440132]
Led to negative solution: `method` must be one of {'RK23': <class 'scipy.integrate._ivp.rk.RK23'>, 'RK45': <class 'scipy.integrate._ivp.rk.RK45'>, 'DOP853': <class 'scipy.integrate._ivp.rk.DOP853'>, 'Radau': <class 'scipy.integrate._ivp.radau.Radau'>, 'BDF': <class 'scipy.integrate._ivp.bdf.BDF'>, 'LSODA': <class 'scipy.integrate._ivp.lsoda.LSODA'>} or OdeSolver class.Failed!
Start values: [0.007905381976419264, 0.006672518456077038, 3.5091501255207866e-05, 0.09706242227156497, 0.7376259585530915, 0.004056303275681837, 0.022359583851945263, 0.0001969302535619099]
Led to negative solution: `method` must be one of {'RK23': <class 'scipy.integrate._ivp.rk.RK23'>, 'RK45': <class 'scipy.integrate._ivp.rk.RK45'>, 'DOP853': <class 'scipy.integrate._ivp.rk.DOP853'>, 'Radau': <class 'scipy.integrate._ivp.radau.Radau'>, 'BDF': <class 'scipy.integrate._ivp.bdf.BDF'>, 'LSODA': <class 'scipy.integrate._ivp.lsoda.LSODA'>} or OdeSolver class.Failed!
Start values: [0.002091286676786134, 0.0047523745294376805, 0.0005117067016427606, 0.0008134878064189977, 0.5083500716698669, 0.002118817916268072, 0.19632225394406114, 0.0005523097844170148]
Led to negative solution: `method` must be one of {'RK23': <class 'scipy.integrate._ivp.rk.RK23'>, 'RK45': <class 'scipy.integrate._ivp.rk.RK45'>, 'DOP853': <class 'scipy.integrate._ivp.rk.DOP853'>, 'Radau': <class 'scipy.integrate._ivp.radau.Radau'>, 'BDF': <class 'scipy.integrate._ivp.bdf.BDF'>, 'LSODA': <class 'scipy.integrate._ivp.lsoda.LSODA'>} or OdeSolver class.