Failed!
Start values: [0.0031031238688359326, 0.001319313637590415, 0.0007791579043725848, 0.05142991682052836, 0.1084837714085192, 0.005777146915927437, 0.2117526246777105, 1.2154474689816342e-06]
Led to negative solution: [ 3.72283801e-03  1.84478068e-03 -1.69890818e-04  2.55813506e-02
  1.52843016e-01  7.03440328e-03  2.06905847e-01  1.32138514e-06]Failed!
Start values: [0.005902552906679567, 0.009950061967050805, 0.00027896181427945543, 0.03761510631717472, 0.6986639578501175, 0.009558404249735806, 0.3649210302116064, 0.0004969878826707639]
Led to negative solution: [ 6.14988014e-03  1.36171970e-02 -7.26381924e-05  4.22155388e-02
  7.14904726e-01  1.29106218e-02  4.83911012e-01  5.60619790e-04]Failed!
Start values: [0.0005052523724478571, 0.003950607146937556, 0.00010912061030486905, 0.016182180633162613, 0.837427079575612, 0.006424222009246976, 0.47460448792654236, 0.0003043159911950576]
Led to negative solution: [ 5.71824856e-04  5.55705179e-03 -1.65439506e-05  1.47055313e-02
  8.12277013e-01  6.36913432e-03  6.47398748e-01  3.32417137e-04]Failed!
Start values: [0.009826457466107743, 0.005573437888123286, 0.0009494420304702583, 0.0610112267612279, 0.037064214706689094, 0.000906354385094736, 0.658336876509716, 0.0006891143113698071]
Led to negative solution: [ 1.23863095e-02  8.30587164e-03 -3.18359981e-05  5.58268932e-02
  4.04838846e-02  9.88771774e-04  6.54335170e-01  9.46617523e-04]Failed!
Start values: [0.006320049601030612, 0.0026318372121697997, 0.0006057558760016644, 0.04084106806114998, 0.3812799567257502, 0.007111197482306151, 0.5962172548474542, 0.00025277011090863]
Led to negative solution: [ 6.98742415e-03  4.13011144e-03 -1.76243225e-04  2.30586877e-02
  5.80327516e-01  9.78306291e-03  7.84979689e-01  2.08402962e-04]Failed!
Start values: [0.0088955232284962, 0.00744844552197832, 0.00045495288823237356, 0.0770096913145912, 0.29472485773838586, 0.0014926251042908592, 0.7374870579523704, 0.00099929647961193]
Led to negative solution: [ 1.04377494e-02  1.37672657e-02 -1.08769624e-05  3.37689689e-02
  6.30647635e-01  2.97085784e-04  7.33418750e-01  1.38874568e-03]Failed!
Start values: [0.0013892016787341633, 0.008293210771698065, 0.00034415305013733773, 0.020727630063641936, 0.49860010638228713, 0.008011353644767419, 0.9285712086281861, 0.0008073796564735399]
Led to negative solution: [ 1.43886524e-03  1.04051794e-02 -1.76709538e-05  1.70731731e-02
  5.37188937e-01  9.17673573e-03  1.33312620e+00  8.86422312e-04]Failed!
Start values: [0.004010837651480298, 0.00032866454536991594, 0.0008887704182758301, 0.08821860059290357, 0.9753378185258942, 0.0034686606419941264, 0.886859912818946, 0.000755385428440132]
Led to negative solution: [ 3.93940242e-03  4.98019836e-04  1.06595464e-03 -1.05797900e-02
  1.09632576e+00  3.81769861e-03  9.31141071e-01  1.03110559e-03]Failed!
Start values: [0.007905381976419264, 0.006672518456077038, 3.5091501255207866e-05, 0.09706242227156497, 0.7376259585530915, 0.004056303275681837, 0.022359583851945263, 0.0001969302535619099]
Led to negative solution: [ 8.60397287e-03  6.16643692e-03 -2.74867272e-08  1.66993701e-01
  5.33552432e-01  2.61019076e-03  3.44886677e-02  2.48947436e-04]