Failed!
Start values: [4.294448892069586, 2.61500722669917, 0.8093611554785136, 4.890005341817567, 6.030500249939049]
Led to negative solution: [36.50972136 36.41775275 -0.66800897 -2.50023277  3.09897181]Failed!
Start values: [9.385097728601925, 9.990053850104264, 7.81011339467918, 3.337995156851536, 2.0373481887492146]
Led to negative solution: [40.29547615 40.8353767  38.93844382 -2.11141714  1.85925331]Failed!
Start values: [6.851136671516857, 4.140084015236524, 9.867072318580103, 6.375582952639944, 3.822600560659658]
Led to negative solution: [38.16270275 36.44675651 40.72495968 -2.60436415 10.12128019]Failed!
Start values: [2.316922005156278, 1.5183296523637368, 6.913240552556471, 7.0939819398408686, 5.360190641411263]
Led to negative solution: [36.64265219 38.19584869 38.21135852 -2.5768001  10.11568214]Failed!
Start values: [8.169492746686092, 3.8773730719279556, 5.511342398860938, 2.578280140996174, 8.127060512651884]
Led to negative solution: [39.24050203 36.35673788 37.18915194 -1.79426593 13.84447277]Failed!
Start values: [0.5568012624583502, 7.740768617754203, 2.5015162946872, 5.035942273796742, 0.5222432600548044]
Led to negative solution: [52.79705833 38.8807881  -1.75696575 -2.52108384  2.35778526]Failed!
Start values: [3.9361547741607805, 8.697015740995269, 8.798295178966775, 8.46559801813246, 1.769993553098611]
Led to negative solution: [36.37483281 39.69266804 39.78053833 -2.40485684  0.75497881]Failed!
Start values: [7.6960297966749724, 5.702484083987109, 1.6499639307777652, 1.5426446347075768, 9.215821027496844]
Led to negative solution: [19.49758906 37.31721673 -1.27249987 -1.20176024  9.07078928]Failed!
Start values: [1.5700611700893652, 6.359491151219755, 4.7019668772577035, 9.286541252128284, 7.622890475819]
Led to negative solution: [38.0293665  37.78705255 36.70544053 -2.23612749  5.58632519]Failed!
Start values: [5.097176493770768, 0.29359184426449336, 3.795792669436101, 0.5908332605690108, 4.085347464993768]
Led to negative solution: [36.92836417 38.87083355 36.33375784 -0.48754236 36.42612844]