Failed!
Start values: [0.004294448892069586, 2.61500722669917, 8.093611554785136, 0.48900053418175665, 60.30500249939049]
Led to negative solution: [ 0.10428688 36.41775275 39.17628934 -0.40025428 58.58987429]Success!Found solution: [  0.60941152  57.22265901 110.60280958   0.22773525  17.99445288]Failed!
Start values: [0.006851136671516857, 4.140084015236524, 98.67072318580104, 0.6375582952639944, 38.22600560659658]
Led to negative solution: [ 36.77788388  36.44675651 128.63064032  -0.22717866  37.48539029]Failed!
Start values: [0.0023169220051562777, 1.5183296523637368, 69.1324055255647, 0.7093981939840869, 53.601906414112634]
Led to negative solution: [ 0.10613806 38.19584869 99.13392622 -0.37047363 49.70606357]Failed!
Start values: [0.008169492746686094, 3.8773730719279556, 55.11342398860938, 0.2578280140996174, 81.27060512651884]
Led to negative solution: [ 3.67484415e+01  3.63567379e+01  8.51503814e+01 -4.59421546e-02
  8.19653827e+01]Failed!
Start values: [0.0005568012624583502, 7.740768617754203, 25.015162946872, 0.5035942273796742, 5.222432600548044]
Led to negative solution: [36.8408445  38.8807881  55.2639749  -0.33340039 17.26826061]Failed!
Start values: [0.0039361547741607805, 8.697015740995269, 87.98295178966775, 0.8465598018132461, 17.69993553098611]
Led to negative solution: [ 36.71649313  39.69266804 117.95468577  -0.45182523   9.40810554]Failed!
Start values: [0.007696029796674973, 5.702484083987109, 16.499639307777652, 0.15426446347075767, 92.15821027496844]
Led to negative solution: [ 3.67590092e+01  3.73172167e+01  4.69510740e+01 -3.36560538e-02
  8.98621153e+01]Failed!
Start values: [0.0015700611700893653, 6.359491151219755, 47.01966877257704, 0.9286541252128284, 76.22890475819]
Led to negative solution: [36.89634548 37.78705255 77.08676868 -0.65112076 76.86786601]Success!Found solution: [6.39206942e+00 1.05581425e+02 2.10840949e+01 5.34186477e-02
 3.59676672e+01]