Failed!
Start values: [0.004294448892069586, 261.50072266991697, 8.093611554785136, 0.48900053418175665, 0.6030500249939049]
Led to negative solution: [  8.55367068 321.25498068  39.17628934  -0.40025428   3.95186728]Success!Found solution: [9.09270420e-01 1.05865188e+03 9.87670666e+01 1.59737622e-01
 2.41674905e+00]Failed!
Start values: [0.006851136671516857, 414.0084015236524, 98.67072318580104, 0.6375582952639944, 0.3822600560659658]
Led to negative solution: [ 1.01894726e-01  4.73709116e+02  1.28630640e+02 -2.27178659e-01
  4.99502488e-01]Failed!
Start values: [0.0023169220051562777, 151.8329652363737, 69.1324055255647, 0.7093981939840869, 0.5360190641411263]
Led to negative solution: [ 36.77596604 211.69248833  99.13392622  -0.37047363   6.2941618 ]Failed!
Start values: [0.008169492746686094, 387.7373071927955, 55.11342398860938, 0.2578280140996174, 0.8127060512651885]
Led to negative solution: [ 7.86556023e-02  4.47444237e+02  8.51503814e+01 -4.59421546e-02
  1.05777637e+00]Failed!
Start values: [0.0005568012624583502, 774.0768617754203, 25.015162946872, 0.5035942273796742, 0.05222432600548044]
Led to negative solution: [ 3.69191697e+01  7.16634894e+02  5.52639749e+01 -3.33400393e-01
  8.26576026e-01]Failed!
Start values: [0.0039361547741607805, 869.7015740995269, 87.98295178966775, 0.8465598018132461, 0.1769993553098611]
Led to negative solution: [ 9.79809942e-01  8.12029058e+02  1.17954686e+02 -4.51825232e-01
  2.89956877e+00]Failed!
Start values: [0.007696029796674973, 570.2484083987109, 16.499639307777652, 0.15426446347075767, 0.9215821027496843]
Led to negative solution: [ 2.19951387e+00  6.29924001e+02  4.69510740e+01 -3.36560538e-02
  2.38698052e+00]Failed!
Start values: [0.0015700611700893653, 635.9491151219755, 47.01966877257704, 0.9286541252128284, 0.7622890475819]
Led to negative solution: [  1.62869923 578.95720949  77.08676868  -0.76235214   1.29704448]Success!Found solution: [1.32824336e+01 1.04645579e+02 2.27191085e+01 5.29634401e-02
 1.24257025e+01]